<?xml version="1.0" encoding="UTF-8"?>
<testsuite xmlns:xsi="http://www.w3.org/2001/XMLSchema-instance" xsi:noNamespaceSchemaLocation="https://maven.apache.org/surefire/maven-surefire-plugin/xsd/surefire-test-report-3.0.xsd" version="3.0" name="UserServiceTest" time="2.891" tests="6" errors="0" skipped="0" failures="0">
  <properties>
[...]
</properties>
  <testcase name="saveUser" classname="UserServiceTest" time="1.231">
    <system-out><![CDATA[Drop table 
Drop table 
Create table for User 
add new user Ivan
User{id=1, name='Ivan', lastName='Ivanov', age=5}
]]></system-out>
  </testcase>
  <testcase name="removeUserById" classname="UserServiceTest" time="0.351">
    <system-out><![CDATA[Drop table 
Drop table 
Create table for User 
add new user Ivan
Id deleted 1
]]></system-out>
  </testcase>
  <testcase name="getAllUsers" classname="UserServiceTest" time="0.349">
    <system-out><![CDATA[Drop table 
Drop table 
Create table for User 
add new user Ivan
User{id=1, name='Ivan', lastName='Ivanov', age=5}
]]></system-out>
  </testcase>
  <testcase name="dropUsersTable" classname="UserServiceTest" time="0.148">
    <system-out><![CDATA[Drop table 
Drop table 
]]></system-out>
  </testcase>
  <testcase name="createUsersTable" classname="UserServiceTest" time="0.213">
    <system-out><![CDATA[Drop table 
Drop table 
Create table for User 
]]></system-out>
  </testcase>
  <testcase name="cleanUsersTable" classname="UserServiceTest" time="0.475">
    <system-out><![CDATA[Drop table 
Drop table 
Create table for User 
add new user Ivan
cleaned table
]]></system-out>
  </testcase>
</testsuite>