<?xml version="1.0" encoding="UTF-8"?>
<testsuite xmlns:xsi="http://www.w3.org/2001/XMLSchema-instance" xsi:noNamespaceSchemaLocation="https://maven.apache.org/surefire/maven-surefire-plugin/xsd/surefire-test-report-3.0.xsd" version="3.0" name="UserServiceTest" time="3.806" tests="6" errors="0" skipped="0" failures="0">
  <properties>
[...]
</properties>
  <testcase name="saveUser" classname="UserServiceTest" time="2.727">
    <system-out><![CDATA[Hibernate: 
    drop table if exists users
Drop table 
Hibernate: 
    drop table if exists users
Hibernate: 
    create table if NOT EXISTS users(   id serial primary key,   firstName varchar(255) NOT null,   lastName varchar(255) NOT null,   age int NOT null   ); 
Create table for users 
save user from UserDaoHibernateImpl
Hibernate: 
    insert 
    into
        users
        (firstName,lastName,age) 
    values
        (?,?,?) 
save user from UserDaoJDBCImpl
Hibernate: 
    select
        * 
    from
        users 
    order by
        id asc 
save user from UserDaoJDBCImpl
User{id=1, name='Ivan', lastName='Ivanov', age=5}
save user from UserDaoHibernateImpl
Hibernate: 
    select
        * 
    from
        users 
    order by
        id asc 
]]></system-out>
    <system-err><![CDATA[мар. 12, 2025 5:34:37 PM org.hibernate.Version logVersion
INFO: HHH000412: Hibernate Core {5.3.36.Final}
мар. 12, 2025 5:34:37 PM org.hibernate.cfg.Environment <clinit>
INFO: HHH000205: Loaded properties from resource hibernate.properties: {hibernate.format_sql=true, hibernate.hbm2ddl.auto=update, hibernate.c3p0.max_size=20, hibernate.c3p0.idle_test_period=3000, hibernate.dialect=org.hibernate.dialect.PostgreSQL95Dialect, hibernate.c3p0.testConnectionOnCheckout=true, hibernate.c3p0.min_size=5, hibernate.connection.username=postgres, hibernate.connection.url=jdbc:postgresql://localhost:5432/postgres, hibernate.show_sql=true, hibernate.c3p0.acquire_increment=5, spring.jpa.properties.hibernate.format_sql=true, hibernate.connection.driver_class=org.postgresql.Driver, hibernate.c3p0.max_statements=50, hibernate.connection.password=****, spring.jpa.show-sql=true, hibernate.c3p0.timeout=300, hibernate.c3p0.checkoutTimeout=30000, hibernate.bytecode.use_reflection_optimizer=false}
мар. 12, 2025 5:34:37 PM org.hibernate.annotations.common.reflection.java.JavaReflectionManager <clinit>
INFO: HCANN000001: Hibernate Commons Annotations {5.0.5.Final}
мар. 12, 2025 5:34:38 PM org.hibernate.engine.jdbc.connections.internal.ConnectionProviderInitiator instantiateC3p0Provider
WARN: HHH000022: c3p0 properties were encountered, but the c3p0 provider class was not found on the classpath; these properties are going to be ignored.
мар. 12, 2025 5:34:38 PM org.hibernate.engine.jdbc.connections.internal.DriverManagerConnectionProviderImpl configure
WARN: HHH10001002: Using Hibernate built-in connection pool (not for production use!)
мар. 12, 2025 5:34:38 PM org.hibernate.engine.jdbc.connections.internal.DriverManagerConnectionProviderImpl buildCreator
INFO: HHH10001005: using driver [org.postgresql.Driver] at URL [jdbc:postgresql://localhost:5432/postgres]
мар. 12, 2025 5:34:38 PM org.hibernate.engine.jdbc.connections.internal.DriverManagerConnectionProviderImpl buildCreator
INFO: HHH10001001: Connection properties: {password=****, user=postgres}
мар. 12, 2025 5:34:38 PM org.hibernate.engine.jdbc.connections.internal.DriverManagerConnectionProviderImpl buildCreator
INFO: HHH10001003: Autocommit mode: false
мар. 12, 2025 5:34:38 PM org.hibernate.engine.jdbc.connections.internal.DriverManagerConnectionProviderImpl$PooledConnections <init>
INFO: HHH000115: Hibernate connection pool size: 20 (min=1)
мар. 12, 2025 5:34:38 PM org.hibernate.dialect.Dialect <init>
INFO: HHH000400: Using dialect: org.hibernate.dialect.PostgreSQL9Dialect
мар. 12, 2025 5:34:38 PM org.hibernate.engine.jdbc.env.internal.LobCreatorBuilderImpl useContextualLobCreation
INFO: HHH000424: Disabling contextual LOB creation as createClob() method threw error : java.lang.reflect.InvocationTargetException
мар. 12, 2025 5:34:38 PM org.hibernate.type.BasicTypeRegistry register
INFO: HHH000270: Type registration [java.util.UUID] overrides previous : org.hibernate.type.UUIDBinaryType@5b22b970
мар. 12, 2025 5:34:39 PM org.hibernate.resource.transaction.backend.jdbc.internal.DdlTransactionIsolatorNonJtaImpl getIsolatedConnection
INFO: HHH10001501: Connection obtained from JdbcConnectionAccess [org.hibernate.engine.jdbc.env.internal.JdbcEnvironmentInitiator$ConnectionProviderJdbcConnectionAccess@7f2d31af] for (non-JTA) DDL execution was not in auto-commit mode; the Connection 'local transaction' will be committed and the Connection will be set into auto-commit mode.
]]></system-err>
  </testcase>
  <testcase name="removeUserById" classname="UserServiceTest" time="0.265">
    <system-out><![CDATA[Hibernate: 
    drop table if exists users
Drop table 
Hibernate: 
    drop table if exists users
Hibernate: 
    create table if NOT EXISTS users(   id serial primary key,   firstName varchar(255) NOT null,   lastName varchar(255) NOT null,   age int NOT null   ); 
Create table for users 
save user from UserDaoHibernateImpl
Hibernate: 
    insert 
    into
        users
        (firstName,lastName,age) 
    values
        (?,?,?) 
save user from UserDaoJDBCImpl
Hibernate: 
    select
        * 
    from
        users 
    order by
        id asc 
Hibernate: 
    delete 
    from
        users 
    where
        id = ? 
remove user by id = 1
id not found 1
]]></system-out>
  </testcase>
  <testcase name="getAllUsers" classname="UserServiceTest" time="0.19">
    <system-out><![CDATA[Hibernate: 
    drop table if exists users
Drop table 
Hibernate: 
    drop table if exists users
Hibernate: 
    create table if NOT EXISTS users(   id serial primary key,   firstName varchar(255) NOT null,   lastName varchar(255) NOT null,   age int NOT null   ); 
Create table for users 
save user from UserDaoHibernateImpl
Hibernate: 
    insert 
    into
        users
        (firstName,lastName,age) 
    values
        (?,?,?) 
save user from UserDaoJDBCImpl
Hibernate: 
    select
        * 
    from
        users 
    order by
        id asc 
save user from UserDaoJDBCImpl
User{id=1, name='Ivan', lastName='Ivanov', age=5}
save user from UserDaoHibernateImpl
Hibernate: 
    select
        * 
    from
        users 
    order by
        id asc 
]]></system-out>
  </testcase>
  <testcase name="dropUsersTable" classname="UserServiceTest" time="0.144">
    <system-out><![CDATA[Hibernate: 
    drop table if exists users
Drop table 
Hibernate: 
    drop table if exists users
Drop table 
]]></system-out>
  </testcase>
  <testcase name="createUsersTable" classname="UserServiceTest" time="0.115">
    <system-out><![CDATA[Hibernate: 
    drop table if exists users
Drop table 
Hibernate: 
    drop table if exists users
Hibernate: 
    create table if NOT EXISTS users(   id serial primary key,   firstName varchar(255) NOT null,   lastName varchar(255) NOT null,   age int NOT null   ); 
Create table for users 
]]></system-out>
  </testcase>
  <testcase name="cleanUsersTable" classname="UserServiceTest" time="0.254">
    <system-out><![CDATA[Hibernate: 
    drop table if exists users
Drop table 
Hibernate: 
    drop table if exists users
Hibernate: 
    create table if NOT EXISTS users(   id serial primary key,   firstName varchar(255) NOT null,   lastName varchar(255) NOT null,   age int NOT null   ); 
Create table for users 
save user from UserDaoHibernateImpl
Hibernate: 
    insert 
    into
        users
        (firstName,lastName,age) 
    values
        (?,?,?) 
save user from UserDaoJDBCImpl
Hibernate: 
    select
        * 
    from
        users 
    order by
        id asc 
cleaned table
save user from UserDaoJDBCImpl
save user from UserDaoHibernateImpl
Hibernate: 
    select
        * 
    from
        users 
    order by
        id asc 
]]></system-out>
  </testcase>
</testsuite>